^ /appdata/
^ /appdata/bbs/
^ /appdata/shared/
^ /appdata/system/
: 1083f40956429055fbeea1c1e20d3a54 /appdata/system/code.pod
^ /appdata/system/desktop2/
: f243af4c49aa9839590a100f6783fd83 /appdata/system/settings.pod
: ed6866084c918dfba845f9ff0fe98936 /appdata/system/widgets.pod
^ /desktop/
: e08c445c8087de08279cb5efdf6793e6 /desktop/drive.loc
: b778915f953426fd3e54f34be7136bee /desktop/readme.txt
@ 2025-12-18_09:35:29
$ 376544e38816c805759db76b196c85dd /template.p64
@ 2025-12-18_09:37:41
$ a92487bec8a53611bcfe7ac6c65fe817 /template.p64
@ 2025-12-18_09:37:58
$ be70a8af5c2d3317699568bd336468d1 /template.p64
@ 2025-12-18_09:38:45
$ 6d00869960ec66d6a6f1f0a3e7dd53ec /template.p64
@ 2025-12-18_09:38:48
$ 6de948b129235c38a3ab50f4896134ca /template.p64
@ 2025-12-18_09:39:17
$ 051f6351f288268828701bfa1178c412 /template.p64
@ 2025-12-18_09:39:20
$ 6c71a3bc52106fdfe3657277a4811b11 /template.p64
@ 2025-12-18_11:41:02
$ 7b667bd258f96936da29ca5cbc2a7856 /.info.pod
@ 2025-12-18_11:41:02 __start_session
@ 2025-12-18_11:42:30
$ 7b667bd258f96936da29ca5cbc2a7856 /.info.pod
@ 2025-12-18_11:42:30 __start_session
@ 2025-12-18_11:59:22
$ 1383ab955ef7e95391e72e964962a8c4 /template.p64
@ 2025-12-18_12:02:50
$ 748c4869ee9e4bc481e5826570b58e2e /template.p64
@ 2025-12-18_12:05:55
$ 1ca953201da5ac2303e23cabda7f2af7 /template.p64
@ 2025-12-18_12:08:23
$ c064114a2b65b18942dc9e95469e05a4 /template.p64
@ 2025-12-18_12:10:27
$ 84f2efc00973a286bafb535e69cdc723 /template.p64
@ 2025-12-18_12:12:31
$ 4a3de73776dfa330f1fef0a7613c1d67 /template.p64
@ 2025-12-18_12:16:03
$ bdf0f9f0801eacb854e8896021071ec6 /template.p64
@ 2025-12-18_12:25:25
$ 73a5101b69d9908864d7012a709aab6c /template.p64
